2022-12-28 10:08 +01:00: ▄▄▄▄▄▄▄▄▄▄▄▄▄▄▄▄▄▄▄▄▄▄▄▄▄▄▄▄▄▄▄▄▄▄▄▄▄▄▄▄▄▄▄▄▄▄▄▄▄▄▄▄▄▄▄
2022-12-28 10:08 +01:00: █ ▄▄▄▄▄ █▀ ▀▄▄▄▄█  ▄ ▄▀  ▄▄ █▀ ▄▀  ▄▄█▄ █ █ ▀██ ▄▄▄▄▄ █
2022-12-28 10:08 +01:00: █ █   █ █▄▄ ▀  █▀▄▄▄█▄▀▄█  ▀█▄▀▄ ▄▄ █▄▄███ ▀▄▀█ █   █ █
2022-12-28 10:08 +01:00: █ █▄▄▄█ █  █ ███ █ ▄█▄▄▄▄ ▄▄▄ ▄▄█ ▄▀▀█▀▄█▄  ███ █▄▄▄█ █
2022-12-28 10:08 +01:00: █▄▄▄▄▄▄▄█ █▄▀▄█ █▄▀ █▄█ ▀ █▄█ ▀ █▄█ █ █▄▀▄▀ █ █▄▄▄▄▄▄▄█
2022-12-28 10:08 +01:00: █ ▄▀ ▀▀▄▄█▄▀ ▄ ▄█ ▀▄██  ▄ ▄  ▄▄█ █▄█   ▄▄▄█▄███▄ ▄▀▄ ▀█
2022-12-28 10:08 +01:00: █ ▀  ▀▄▄▄▀█▄ █▀▄█ ▀  ▄▀▀ ▄█  ▀█  ▀▄▄▀ █▀█▀▄ ▄  ▄▄ ▄  ▀█
2022-12-28 10:08 +01:00: █▀ ▄▀█▀▄█▀▀▀█▀▄▄█▀▄  █▄▄ ▀▀ ▄▄██▄▄▄▀█▄▄█▀▄▄▄ █▄ ▄▄███▀█
2022-12-28 10:08 +01:00: ██ ▀ ▄ ▄██ ▄█▄██▄▄ █▄▄▄█ ██▄▄▄▀▀▄██▄▄█ ▄▄  █▄█▀█   █  █
2022-12-28 10:08 +01:00: █▀▄█ ▀ ▄ █▀▀▄▀▄  █▀ ▄ ▄▀  ▀▄▀▄▀██ █▄▄ ▄▀▀▀ █▀▀██▄▄█▀  █
2022-12-28 10:08 +01:00: █▄  ▄█▄▄▀ █   █   ▄▄▄ ▀ ██ █  ██▀ ▄█▀▀▀██ █▄▄ █▄▄  █ ▄█
2022-12-28 10:08 +01:00: █▄▄▀█▄ ▄█▄▄ ▀▀▄█ ██  ▄  ▀█▄█   █▀███▀ ██▄▄▄███▀█ ▄█▄▀ █
2022-12-28 10:08 +01:00: █▀▄▄▀█ ▄▄█▀▀▀▄▀█ █▀▄█ ▀ ▄██ ▄█▄█▀▀▀█  ▄█▄▀▄▀▀ ▄▄▄▀ ▀▄▀█
2022-12-28 10:08 +01:00: █ ▄█▄ ▄▄▄ ▄ ▄▄▄██▄ ▄▀▄    ▄▄▄ ██    ▄▄▄█▄▄█▄  ▄▄▄  ▀  █
2022-12-28 10:08 +01:00: █▄▄██ █▄█ ▄██▀█▄█▀█ ▄ █▄█ █▄█ ▀█ ▄ █▄▄█    ▀▀ █▄█ ██ ▄█
2022-12-28 10:08 +01:00: █ ▀██ ▄▄    ▄ ▄▄▄▄▄ ▀▀▄▀▄ ▄   ▀██▄▄▄▄▄▀  ▀▀▄█▄ ▄ ▄▀▀▀▀█
2022-12-28 10:08 +01:00: █▀ █ █▀▄▄█▀▀▄▄▀▄▀ █▄█▀▀█▀▄ ▄▄ ▀▄███ ▄ ▄▀▄▄▄▀ █  ▄▄ ▄ ▄█
2022-12-28 10:08 +01:00: █▄█▄▄██▄▄  ▄█▄██ ▄▄ ▀▄  ██▄▀▄█▄█ ██▄▄▄ ▄▀▄███▄▄  █▀█ ██
2022-12-28 10:08 +01:00: ██ ██▀ ▄▀█▀▀█ ▄▄ █▄ █ ▀ ▀▀█▄▄▄▀ ▀ ▄▀█▀ ▀▀ █▄ ▄ █  █▀ ▀█
2022-12-28 10:08 +01:00: █▄▀▄▀█ ▄▀▄▀█▄█▄▄▄ ▄▄ ▄█▄█ ▀ ▀▀█▄▄▄▄▀  ▀▄▄ █▄█▀ ▀█▄  ▀ █
2022-12-28 10:08 +01:00: █▀▀█▄▄█▄▄▀ ▄▀▀   ███ ██▀  █▄██▀█▄ ▄▄   ▀█ ▄▄▀▀  ██▄▄  █
2022-12-28 10:08 +01:00: ██   ▄█▄▄ █▀█▀▀▀█▀█▄▄▀▄█ ▀▄▄▄█▄▄█▄▄█ ▄█▀██▄█ █▄▄▄█▄▀█ █
2022-12-28 10:08 +01:00: █▄ ▀▄▄▄▄▀█▄▀██▄▄███▄ ▄▀▀▀▄  ▄▀ ██▀█▀█ ▄ ▄█▄██ █▄▀ ▀██ █
2022-12-28 10:08 +01:00: ████▄██▄▄ ▀▀▀ ▀ ▄▄▄ ██  ▀ ▄▄▄ ▄▄██ ▄█▄█▄  ▄█▀ ▄▄▄ ▀████
2022-12-28 10:08 +01:00: █ ▄▄▄▄▄ █▄█▄▄▄▄ ▄▄▄▀▀█▀█▀ █▄█ █▀▀▀   ▀▀█ ███▀ █▄█ █  ▀█
2022-12-28 10:08 +01:00: █ █   █ █▀▄ ████   █ █ ▄█▄ ▄▄▄█▄▄▄█ ▀  ▄▄ █▄█▄▄▄▄ ▄██ █
2022-12-28 10:08 +01:00: █ █▄▄▄█ █▀ ▄▄▀▀▀ ▄▀▄██ █▀ ▀▄▄   █  █▀▀██▄ ▄▀▄▀▀██▄ █ ██
2022-12-28 10:08 +01:00: █▄▄▄▄▄▄▄█▄▄███▄▄▄▄▄▄▄█▄█▄▄█▄███▄▄▄██▄▄████▄█▄▄▄▄█▄██▄██
2022-12-28 10:08 +01:00: 
2022-12-28 10:09 +01:00: ▄▄▄▄▄▄▄▄▄▄▄▄▄▄▄▄▄▄▄▄▄▄▄▄▄▄▄▄▄▄▄▄▄▄▄▄▄▄▄▄▄▄▄▄▄▄▄▄▄▄▄▄▄▄▄
2022-12-28 10:09 +01:00: █ ▄▄▄▄▄ ██ █▄▄ ▄█▄ ▄▄▄▀▄ ▄  █▄▄ ▀█▄▄ █▄ ▀▀█ ▀██ ▄▄▄▄▄ █
2022-12-28 10:09 +01:00: █ █   █ █▄▄▀ ▄ ▄▀▄█▄██▀▄▄    ▄ ▄ █▄ ▄▄▄▄██▀▀▄▀█ █   █ █
2022-12-28 10:09 +01:00: █ █▄▄▄█ ██▀▄█ ▄▀ ▄▄▄▄ ▄█  ▄▄▄  ▄▄▄▄ ██  ██▄ ███ █▄▄▄█ █
2022-12-28 10:09 +01:00: █▄▄▄▄▄▄▄█ █ ▀▄▀ █ ▀ ▀▄█▄▀ █▄█ █▄█ █▄█▄▀▄█ █▄▀ █▄▄▄▄▄▄▄█
2022-12-28 10:09 +01:00: █ ▄ ▀▄ ▄▄▄▄▀▀▄ ██  ▄█▄  █ ▄▄ ▄███ ▀█▄▄▀█▄▄██ █ ▄▀█▀▄█▀█
2022-12-28 10:09 +01:00: █▄▀▄  ▀▄██▀▄▄█  █▀█ ▀ ▀ ▄▄██   ▀▀▄▄█▄ ▄██ ▀▀█▀ █  █▄ ▄█
2022-12-28 10:09 +01:00: █ ▀▄▄▀▀▄▀▀█▄█  ▄██▄ ▄█▄  ▀█▀ ▄██ ▄▄██▄ █▀ ▄▄▄█▄▄▄▄▀█▄▄█
2022-12-28 10:09 +01:00: ██ ▀▀ █▄▀  ▄▄██▄▄▄▀█▄█▄█▀███  ▄█▄ █▄█▀ █  ██▄▄███▄█▄  █
2022-12-28 10:09 +01:00: █▀█▀  ▀▄ ▀▀  ▀█▄ ▄█ █▄▄ ▄   ▀▄▄▄▄  ▄█ ██▄▄█▄█▄▄▄▄▄██ ██
2022-12-28 10:09 +01:00: █▀  ▄▀▄▄█▀ █  ▀  ▄▄▄  ▀▄██ ▄ ▄▄▄▄ ▄▀▀ ▄▄█▄█▄  █▀█ ▄█ ▄█
2022-12-28 10:09 +01:00: █ ▄▀ ▄▀▄██▀▄▄▀▄▄ █▄  █   ███▄▄▀█▀▄██  █▄▄▄███▄▀█▀▄█▀  █
2022-12-28 10:09 +01:00: █▀█▄ ▄ ▄▀▀▀ ▄▀ ▀ ▄█▄▄▄▀▀ █▄▄▄  █ ▀█▄ ▄▀█▄ ▄▀ ▄ ▀▄▀▀█▄ █
2022-12-28 10:09 +01:00: █  █▄ ▄▄▄ ▄▄▄▄ ██  ▄█▄ ▄  ▄▄▄ ▄▄▄▄██▄▄█▄ ▄██▄ ▄▄▄ ▄▀▄ █
2022-12-28 10:09 +01:00: █ ▄▄█ █▄█ █▀▄▀███▀▄ ▄▀█▄▄ █▄█ ▀█▀▄▀████▀▀▀  ▀ █▄█ █▄ ▄█
2022-12-28 10:09 +01:00: ██ ▀▀  ▄   ▀ ▄█ ▄█   █▄   ▄▄  ██▄ ▄█ ▄ ▄  █▄ ▄ ▄▄▄ ▀▀ █
2022-12-28 10:09 +01:00: █▀▄██ ▀▄█▄▀█  █▄▀▄█▄▀▀▀▀▀▄█▀▄▄▀▄█▀▀ ▄▄ ▀▄▄▄█▄█▄▄ ▄▄▄  █
2022-12-28 10:09 +01:00: █▄██▄█▄▄▄▀ ▄▄▄█▄ ▄█ ▀█  ▄█▄ ▄█▄▄▄▄▄▄▄▄█▄▄  ███▄ ▀█ █ ██
2022-12-28 10:09 +01:00: ███▀█ ▄▄ ▀▄▀▀ █  ▄  ▄▄▀▀▀█▄ █▄▄▀▀█▄▀   ▄▀  ██▀ ▄▄ ▄█  █
2022-12-28 10:09 +01:00: █▄▀▄█▄ ▄ █▄▀   ▄▄▄▄▄▄▄█ █ █ ▀▀█▄ ▄▄█  █▄▄▄█▄█ ▀ ▄▄▄▄▀▄█
2022-12-28 10:09 +01:00: █▀▀▄▄▄ ▄ ▀ ▄██ ▀ █▄█ ▄█▀▀ ▄▄██▄█ █▄▄▀▄ ▄▀▄▀ ▀ ▄  ▄▀▄  █
2022-12-28 10:09 +01:00: ██▀▄ █▀▄█▄█ ▀▀ ██ ▀▄██▄▄ ▀▄▄▄▄██▄▄█▄  █▄  ▄▄▀▀▄█ █▄██▀█
2022-12-28 10:09 +01:00: █▄ ▀▄▄▄▄██▀▀██▄▀█▀█▄▄▄▀██▄▄ ▄█▀█▀ █▄█   ▄ █████ ▀ ███▄█
2022-12-28 10:09 +01:00: ████▄██▄▄▀▄█ ▄▀▀▄▄█ █▄  ▀ ▄▄▄ █▄█▄ ▄▄▄██  ██▀ ▄▄▄ ▀ ███
2022-12-28 10:09 +01:00: █ ▄▄▄▄▄ █ ███▀█▄▄█ ▀ ▀▀▄█ █▄█ ▀█▄▀▄█▄▀▄█▄ █▀▄ █▄█ █▄  █
2022-12-28 10:09 +01:00: █ █   █ █▄▄▄██▀█ ▄ █▄█  █▄▄▄▄ ▄█▄ ▄▄ ▄▀▄█▄▄█▀▄▄▄▄▄▀██▄█
2022-12-28 10:09 +01:00: █ █▄▄▄█ █ ▄ █▀█  ▄ ▄█▄ █▄▄▀█▄▀▀▀▄▀▀▄  ▄█▄ ▄ ▄ ██   ▄ ██
2022-12-28 10:09 +01:00: █▄▄▄▄▄▄▄█▄█▄█▄█▄▄█▄▄██▄▄▄▄█▄█▄█▄█▄█▄▄▄▄██▄▄██▄▄▄█▄▄█▄▄█
2022-12-28 10:09 +01:00: 
2022-12-28 10:09 +01:00: ▄▄▄▄▄▄▄▄▄▄▄▄▄▄▄▄▄▄▄▄▄▄▄▄▄▄▄▄▄▄▄▄▄▄▄▄▄▄▄▄▄▄▄▄▄▄▄▄▄▄▄▄▄▄▄
2022-12-28 10:09 +01:00: █ ▄▄▄▄▄ █▀█▄  ▄█▄█▄  █ █▄ ▄▀█▄▄ ▄▄▄▀ █▄▀ ▄▀ ▀██ ▄▄▄▄▄ █
2022-12-28 10:09 +01:00: █ █   █ █▀▀▄▄ ▄█ █▀ ▀▄ █ ▄▄▀██▄ ▄▄█▀   █▄▄█▀▄▀█ █   █ █
2022-12-28 10:09 +01:00: █ █▄▄▄█ █▀ ▄▀   ▀█   ▀█▄▄ ▄▄▄ ▄  ██▀▀▀▄▀▄▄  ███ █▄▄▄█ █
2022-12-28 10:09 +01:00: █▄▄▄▄▄▄▄█▄█ ▀ █ █ █▄█▄█▄█ █▄█ █▄▀ ▀▄█▄▀▄█ █ █ █▄▄▄▄▄▄▄█
2022-12-28 10:09 +01:00: █▄    █▄▄ █ █ ▄▄▄▀▄ ▀█▀▀▀▄ ▄ ▄ ▀▀█ ██▄▀▄ ▀ ▀▀█▄█ ▀▄█ ▀█
2022-12-28 10:09 +01:00: ██ █▀ ▄▄▀▄▄▀ ▀▄▀▄ ▀▄█▀ ▀  ▄▄▀▀█▄▄██▄ ▄ █▄▀▄█▀█▀▄▄▄▀██▀█
2022-12-28 10:09 +01:00: █▀█ █ █▄█    ▀▄█▄▄ ▄ ▄█▀▄█▀ ▀▀▀▀▄██▄▀ ▄▄ ▀   ▄██  ▀ ▄██
2022-12-28 10:09 +01:00: █▀▄██▀▀▄▀▀▀██ ▀████▀ ▄█▄█▀▀▄▀▀▄█▄▀▄█▀█▄ ▀▀██ █  ▀▄ ▄▀▀█
2022-12-28 10:09 +01:00: ██▀ ▀▄█▄ ▄ ▀▄█▀█▀█▀▄▀██▀ ▄▄▀▀█▀▀▄▀▄▄▀▄ ███▀ ▀▄██ ▄▀█▀ █
2022-12-28 10:09 +01:00: █ █▀█ ▀▄▀▀ ▄▄▄█▀▀█  ▄▀ █▀▀ ▄▀█▀   █ ██ ▄▄▄▀▀█▄▄▀ ▄ ▄███
2022-12-28 10:09 +01:00: █▄ ▄▄██▄▀▄▄ ▄▀ █▀▄ ▄▄▄▀▀▄▀▀▄█▀█▀██▄▄▄▄▀███▀▀▀█ ▄█ ▀▄  █
2022-12-28 10:09 +01:00: ██▀▀█▀▄▄█▄ ▀██▄ ▀█▀  █  ▄▀ █▀▀ █▄▄▄█▄ █ ██▄▀▄█▀  █▄▄█▀█
2022-12-28 10:09 +01:00: █▄▄▄█ ▄▄▄ ██  ▄▄▄▀▄ ▀█▀█▄ ▄▄▄ ▀▀ ▀██▄▄ █▀▀ ▀▄ ▄▄▄   ███
2022-12-28 10:09 +01:00: █ ▄█▄ █▄█ █▀ █▀▄▄  ▄  ▄█  █▄█ ▄ ██ █▀ ▀ ▀ ▄▄▄ █▄█ ▀█▀██
2022-12-28 10:09 +01:00: ███ █ ▄▄▄▄▄▄█▀▀▀█▄▄▄▄▄█▀▄▄ ▄ ▄▀▀ ▀█▄▄ ▄█▀▀▀ █   ▄ ▄  ▀█
2022-12-28 10:09 +01:00: ██ ▄▄█▀▄▀▄ ▄█ ▀█ █▀ █   █  ████ ▀▄▄▀ ▄▄▄▀▀▄▀▀▄▀▀▄▀▀█▀▀█
2022-12-28 10:09 +01:00: █ ▀▄█▄ ▄  ▀█  ▀█▀█▀▄█▄▀▀ ▀█▀█▄▀▀▄██▄█ ▄█▀▀▀▀▀▄█▀█▀▄█▀▄█
2022-12-28 10:09 +01:00: ██  ▄▀ ▄▄ ███▄▀▀▀█▄▄ █  ▀█ ▀█▄▀█▄▄▄ ▄█▄▄▀▀▄ █ ▀█ ▄ ▄▀▀█
2022-12-28 10:09 +01:00: ██▄▀▀██▄ ▄ █ ▄▄███   █▄▀▀▄▀▀▄▀▀ ▄██▄▄▄▀███▀ ▀ ▄█▀▀▄▀ ██
2022-12-28 10:09 +01:00: ███▀███▄█ ▀█▄▄▄ ▀▄ ▀▄█▄ █▄▀ ▄▄▄█▄ █▀█ ▄█▄▀▀ █▀▀█ ▀▀█▀▀█
2022-12-28 10:09 +01:00: █▀██▀▄█▄▀█▄▀██▄▄▄▀█ ▀▄██ █ ▀██▀  ███   █▄█▀ █ █▄▄▀▀▄▄ █
2022-12-28 10:09 +01:00: █▄ ▀▄▄▄▄▀▄█▀▀▀▄█▄ ▀  █ ▄▀  ▀▄██▀█ █▄ ▄▄▀█▀▀ ▀▀▄▀█▄▀▄▄██
2022-12-28 10:09 +01:00: ████▄██▄▄▀▀  █▀███▀▄▀█▀▀█ ▄▄▄ ▀ ▀█▀█  ▀▄▀▀▀▀█ ▄▄▄ █▀▄▄█
2022-12-28 10:09 +01:00: █ ▄▄▄▄▄ █▄▄▄▀▄▀██▄▄█▄  █▀ █▄█ ██ ▄█▄▄▀ ▄▀▀███ █▄█ ▀█▀▀█
2022-12-28 10:09 +01:00: █ █   █ █ ██▀▀█▄▀█▄▀ ▄▀▀▀  ▄ ▄ ▀▄█ ▄▄ ▀██▀  ▄▄ ▄  ▄█▄██
2022-12-28 10:09 +01:00: █ █▄▄▄█ █ ▀█▀█▄█▀█▄ ▀█▀▄ ▄█ █▀▄▄▀▀▀▄█▄ ██▀▀▄ ▀█▄ ▄▄█▀▄█
2022-12-28 10:09 +01:00: █▄▄▄▄▄▄▄█▄▄█▄█▄▄█▄▄▄█▄██▄▄██▄██▄██▄█▄▄▄▄▄█▄██████▄▄▄███
2022-12-28 10:09 +01:00: 
2022-12-28 10:09 +01:00: ▄▄▄▄▄▄▄▄▄▄▄▄▄▄▄▄▄▄▄▄▄▄▄▄▄▄▄▄▄▄▄▄▄▄▄▄▄▄▄▄▄▄▄▄▄▄▄▄▄▄▄▄▄▄▄
2022-12-28 10:09 +01:00: █ ▄▄▄▄▄ █▀▀   ▄█▄█▄  █ █▄ ▄▀▄█▄ ▄▄▄▀█▄ █▄▀▀ ▀██ ▄▄▄▄▄ █
2022-12-28 10:09 +01:00: █ █   █ █▀██ ▄▄█ █▀ ▀▄ █ ▄▄▀▄▀▄ ▄▄█▀   █▄▄█▀▄▀█ █   █ █
2022-12-28 10:09 +01:00: █ █▄▄▄█ █▀ ▄▀█  ▀█   ▀█▄▄ ▄▄▄ ▄  ██▀▀▀▄▀▄▄  ███ █▄▄▄█ █
2022-12-28 10:09 +01:00: █▄▄▄▄▄▄▄█▄█ █ █ █ █▄█▄█▄█ █▄█ █▄█ █▄█▄▀▄▀ ▀ █ █▄▄▄▄▄▄▄█
2022-12-28 10:09 +01:00: █▄   ▄█▄▄▄█ █ ▄▄▄▀▄ ▀█▀▀▀▄▄▄ ▄  ▄██▄ ▄ ██▀   ▄▄█▄█▄█▄██
2022-12-28 10:09 +01:00: █  █▀▀▄▄▀▄▀▀ ▀▄▀▄ ▀▄█▀ ▀   █▀▀█▄▄▄▄█▀▄▀█▄ ▄█▀▀ █▄▄▀█▀██
2022-12-28 10:09 +01:00: █▀▄▄█ █▄█ ▀  ▀▄█▄▄ ▄ ▄█▀▄█  ▀▀▀▀▄██▄▀ ▄▄ ▀   ▄██  █ ▄▄█
2022-12-28 10:09 +01:00: █▀▄█▄█▀▄█▀▀█▄█▀████▀ ▄█▄█▀▀▄▀▀ ▀▄█ ▀██ ▄▀█▀▀ █ ▄▀▄ █▀▀█
2022-12-28 10:09 +01:00: ██▀ ▀▀▄▄█▄ ▀▄█▀█▀█▀▄▀██▀ ▄▄█▀▄▀  ▀██▄  ██▀ ▀▀██▄▄▄ ▄▀ █
2022-12-28 10:09 +01:00: ██▀▀█▀▀▄▀ ▄█▄▄█▀▀█  ▄▀ █▀▀ ▄▀█▀  ▀█ █▄ █▄█▀ ▀██▀▀█ ▄█▀█
2022-12-28 10:09 +01:00: ██ ████▄▀▄█ █▀ █▀▄ ▄▄▄▀▀▄▀ ▄▀▀█▀██▄▄▄▄▀███▀▀▀█ ▄█ ▀▄▀▀█
2022-12-28 10:09 +01:00: ██▀▄▀█▄▄▀  ▀█ ▄ ▀█▀  █  ▄▀ █▀▀▄█   █ ▄▀▄██ ▀▄█▀ ▄▀▀██▀█
2022-12-28 10:09 +01:00: █▄▄▄█ ▄▄▄ ██  ▄▄▄▀▄ ▀█▀█▄ ▄▄▄ █▀█▀███  ▄█▀▀   ▄▄▄ ▀▀▀▀█
2022-12-28 10:09 +01:00: ██ █▄ █▄█ ▀  █▀▄▄  ▄  ▄█  █▄█ ▄▀██ ▄ ▀ ▀▀ ▄██ █▄█ ▀█▀██
2022-12-28 10:09 +01:00: ███ ▄ ▄▄▄  ▀▀ ▀▀█▄▄▄▄▄█▀▄▄ ▄  ▀▀ ▀█▄▄ ▄█▀▀▀ █  ▄     ▀█
2022-12-28 10:09 +01:00: ██ ▄▀▀ ▄▀▀ ▄█▄▀█ █▀ █   █ █▀███▄█▄▄█▄▄▄▄▀█▄█▀▄▀█ █ ▄▀▀█
2022-12-28 10:09 +01:00: █ ▀▄█▄ ▄  ▀█  ▀█▀█▀▄█▄▀▀ ▀▄▀█▄▀  ▀██ ▄▄▄▀▀  ▀▄█▀█▀▄▄▀▄█
2022-12-28 10:09 +01:00: ██▀ ▄▀ ▄▄ ▀▄█▄▀▀▀█▄▄ █  █▀ ▀▄█ ▄██▄ ███▄ ▀█ ▀▀▀█ ▄ ▄▀▀█
2022-12-28 10:09 +01:00: █   ██▄▄▄▀█▀▄▄▄███   █▄▀▀▄▀▀▄█▀ ▄██▄▄▄▀███▀ █ ██▀▀▄▀ ██
2022-12-28 10:09 +01:00: ████▄▀▀▄▄▀▀██▀▄ ▀▄ ▀▄█▄ █▄▄█▄▄▄▀  ███ ▄▀ ██ █▀▄▀ ▀▀▄▀▀█
2022-12-28 10:09 +01:00: █▀██▀▄█▄▀█▄▀██▄▄▄▀█ ▀▄██▄█▀▀███▀▄█ █▄▄ ▄██  █ █▄▄▀▀▄▄ █
2022-12-28 10:09 +01:00: █▄ ▀▄▄▄▄▀▄ █▀▀▀█▄ ▀  █ ▄█  ▀▀▄█▀▄▀█▄ ▄█ ▄▀▀ █ ▄▀█▄▀▄▄██
2022-12-28 10:09 +01:00: ████▄██▄█ ▀▄▀▄█▄██▀▄▀█▀▀▄ ▄▄▄ ▀ ▀█▀█  ▀▄▀▀▀▀█ ▄▄▄ ▀█▄▄█
2022-12-28 10:09 +01:00: █ ▄▄▄▄▄ █▄▄▄ ▀▀██▄▄█▄  █▀ █▄█ ██▄ █▄ █  ▀▀██  █▄█  █▀▀█
2022-12-28 10:09 +01:00: █ █   █ █ ██▀▀█▄▀█▄▀ ▄▀▀▀  ▄   ▀ ▀▀██ ▀▄▀██▀█▄  ▄ ██▄██
2022-12-28 10:09 +01:00: █ █▄▄▄█ █ ▄█▀█ ▄▀█▄ ▀█▀▄▄▄█▄█▀▄▄ ▀▀▄▄▄▀██▀ █ ▀██▄▄▄█▀▄█
2022-12-28 10:09 +01:00: █▄▄▄▄▄▄▄█▄██▄▄▄▄█▄▄▄█▄██▄▄█▄▄██▄██▄█▄▄▄▄▄█▄███▄▄█▄▄▄███
2022-12-28 10:09 +01:00: 
2022-12-28 10:10 +01:00: ▄▄▄▄▄▄▄▄▄▄▄▄▄▄▄▄▄▄▄▄▄▄▄▄▄▄▄▄▄▄▄▄▄▄▄▄▄▄▄▄▄▄▄▄▄▄▄▄▄▄▄▄▄▄▄
2022-12-28 10:10 +01:00: █ ▄▄▄▄▄ █▄█ ▄▄▄▀ █ ▄ ▀▄█ ▄▄█ █ ▄ ▀ ▀█▄ ▀▀ █ ▀██ ▄▄▄▄▄ █
2022-12-28 10:10 +01:00: █ █   █ █ ▄█▄███▀▄▀▀ ▄▀▄ ██▀▀█▄▀█▄▄  ▀▀████▀▄▀█ █   █ █
2022-12-28 10:10 +01:00: █ █▄▄▄█ █▄▄ █▄▄▀▄▀▀█▄   █ ▄▄▄ ██▄▄ █ ▄  ▀ ▀ ███ █▄▄▄█ █
2022-12-28 10:10 +01:00: █▄▄▄▄▄▄▄█▄▀ ▀▄█▄▀ ▀ █ ▀▄▀ █▄█ ▀ █▄█▄▀ █▄█ ▀▄█▄█▄▄▄▄▄▄▄█
2022-12-28 10:10 +01:00: █▄   ▀▀▄█ ▄▀█▀█▄█ ▄▀ █  ▀▄▄▄ ▄ ▀██▀█▄█▀█▄▄ ▀ ▄▄█▀▄▄▄█ █
2022-12-28 10:10 +01:00: ███▄▄▄▄▄██ ▄▀▄  ▀▄ ▀▀ ██▀█▄█▄██▀▀█▀  ▀▄█▀█▄▀▀ ▄▀█▀█▄ ██
2022-12-28 10:10 +01:00: ██  █ ▀▄█▄█▀██▄▀ ▄▄   ▀▀ ▀ █████▄▀▀▄█▄▄ ▄▀▄▄  ▀█▄▄█  ██
2022-12-28 10:10 +01:00: █ █▄▄ ▀▄▄▀ ▄   █▄▄█ ▀▄▄██  ▄  ▄ ███ ▀ █ ▄ ▀▄▀█▀█▀█▀█  █
2022-12-28 10:10 +01:00: █ █▀▄█▀▄█ ███ █▄▄▀ ▀█▄ █▀▀ ▄█ ▀▄ ▄  ▀████▀█▄█▄▀ ▀▀██ ▄█
2022-12-28 10:10 +01:00: █▀ █▀ █▄▀▄█▀  ████▄▄▄█▄███  ███▄▀▄ ▀▀▀   █▄█▄▀▀ ▄▀  ▄██
2022-12-28 10:10 +01:00: █ ▀ ▄▄█▄ ▄▄█ ▀▀█ █ ██▄  ▄  ▄ ▄█ ▄███▄█ █▄▄▀  █▀██▀    █
2022-12-28 10:10 +01:00: █ ██▄▀▀▄▀▀██▄▀ ▀▄▀ █▄▄█▄█▄▄▄ ██▄ ▀█▀▀▀▀▀ ██  ▄▄▄█ ▄█ ██
2022-12-28 10:10 +01:00: █ ▄ ▀ ▄▄▄ ▀█▄▄▄  ▀ ▄▀▀██  ▄▄▄ ██▄█▀█ ▄█▀██ ▄▄ ▄▄▄  ██▀█
2022-12-28 10:10 +01:00: █ ▄██ █▄█ █  ▄ ▄█▀ █▀ █▄  █▄█ █ ▄▄▀▄▀ ▀  ▀▄▄█ █▄█  █ ▄█
2022-12-28 10:10 +01:00: ███▄█▄ ▄▄ ▀▄▀██   █▀ █ ██ ▄▄▄  ▄▄   ██ ▄▄█ █  ▄▄ ▄ ████
2022-12-28 10:10 +01:00: █▀ ▀▄▄ ▄█ ▄▄ ▄▀▀▄██▄█▄▄ ▀▄ ▀▀█▀▄█ ▄▀▄   ██▄█▀ ██▀ ▄▀█▀█
2022-12-28 10:10 +01:00: █▀ ▄▄█ ▄▀  ▄ ▀ █ ▄▀█▄▄    █▀▄█▄ █▀ ▄▄▀ █▄ ▀▀ ▄▄ █ █▄ ██
2022-12-28 10:10 +01:00: █▄▄▀▀█▀▄ ▀▀▄▄▀█ ▄▀█▀▄▄█▄  ▄ ▀▀▀  ▄ ▄█▀ █▄▄█▄█▀▄▀▀▀▄█▄██
2022-12-28 10:10 +01:00: █ ▄▀███▄  ▀▀ █▄▀▀█▄▄ ▀ ▀█ ▀█ ▄█▄▄▀▀▄  ▀▀▀██▄▀  ▀█▄▄▀▄██
2022-12-28 10:10 +01:00: █▄▄ █▀ ▄▀▄ ▄█▄█  █  ███▀██ ▀██▄ █   ▀██▀▀▄▀▀▄▀█ █▀▀▄  █
2022-12-28 10:10 +01:00: █▄▀▄▄ ▄▄█▄▀█▄  █▀█▄███ ▀▀ ▄▄ ▀ █ ▄▀▀█▀▀▄ █▀█▀▀  █▄█▄▀▄█
2022-12-28 10:10 +01:00: █▄ ▀▄▄▄▄▀  ███ █  █▄ ▀▄▄▀▀ █▀█▀█▄█ ██ ▄▄▀▀▄▄▀█ ▀▀ ▀  ██
2022-12-28 10:10 +01:00: ████▄██▄█ ▀▄ █▄▀▄▄▀█ █  █ ▄▄▄ ▀▀ █ ▄ ▀ ▄  ▀ ▄ ▄▄▄  ████
2022-12-28 10:10 +01:00: █ ▄▄▄▄▄ ██▀ ▀▀█▄  █  ▀█▀  █▄█   ▄█▄ ▀▄ █ ▀ ▄█ █▄█ ▄█▄██
2022-12-28 10:10 +01:00: █ █   █ █▀▀████ ██ █  █▀█▄   ▄█▄ ▀██▄  ▀██▄██ ▄▄▄ ▄▀ ██
2022-12-28 10:10 +01:00: █ █▄▄▄█ █ ▀▄▀▄▄▄ ▄▄▀ █ █ █▄ ▄ ▄▄ ▀ ███▀██  █▀▀█▄▄▀██ ██
2022-12-28 10:10 +01:00: █▄▄▄▄▄▄▄█▄█▄█▄██▄▄████▄█▄█████▄██▄████▄████▄█▄██▄█▄█▄██
2022-12-28 10:10 +01:00: 
2022-12-28 10:10 +01:00: ▄▄▄▄▄▄▄▄▄▄▄▄▄▄▄▄▄▄▄▄▄▄▄▄▄▄▄▄▄▄▄▄▄▄▄▄▄▄▄▄▄▄▄▄▄▄▄▄▄▄▄▄▄▄▄
2022-12-28 10:10 +01:00: █ ▄▄▄▄▄ █▀█   ▄█▄█▄  █ █▄ ▄▀▄▄  ▄▀▄▀▀▄▄▀█▄▀ ▀██ ▄▄▄▄▄ █
2022-12-28 10:10 +01:00: █ █   █ █▀█▄▄▄▄█ █▀ ▀▄ █ ▄▄▀▀▀▄ ▄▄█▀   █▄▄█▀▄▀█ █   █ █
2022-12-28 10:10 +01:00: █ █▄▄▄█ █▀ █▄▀  ▀█   ▀█▄▄ ▄▄▄ ▄  ██▀▀▀▄▀▄▄  ███ █▄▄▄█ █
2022-12-28 10:10 +01:00: █▄▄▄▄▄▄▄█▄█ ▀▄█ █ █▄█▄█▄█ █▄█ █ ▀ ▀▄█ █ █▄█▄█ █▄▄▄▄▄▄▄█
2022-12-28 10:10 +01:00: █▄   ▄▀▄  █ █ ▄▄▄▀▄ ▀█▀▀▀▄▄▄ ▄▀▀ █ ▄▄  ▄▀█▀ ▀▄ █ ▀▄█▄▀█
2022-12-28 10:10 +01:00: █▄██▀ █▄▀▄▄█ ▀▄▀▄ ▀▄█▀ ▀   ▄▀▀█▄▄██▄▀█▀█▄ █▄ █▀▄█▄▀█▄██
2022-12-28 10:10 +01:00: ██▀▀▀ █▄█ ▄ ▀ ▄█▄▄ ▄ ▄█▀▄█▀ ▀█▀▀▄██▄▀ ▄▄ ▀   ▄██  █▄▄██
2022-12-28 10:10 +01:00: █▀▄▀█▀▀▄▀█▀█▄ ▀████▀ ▄█▄█▀▀▄▀█▄█ █ █▀▀  ▀█▀▀ █  ▀ ▄█▀▀█
2022-12-28 10:10 +01:00: ██▀ ▀▄▄▄▀▀ ▀▄█▀█▀█▀▄▀██▀ ▄▄█ ▄▀▀ ▀▄▄ ▄▄▄█▀ ▀ ▄▄█▄  ▄█ █
2022-12-28 10:10 +01:00: █▄█▀█▀ ▄▀▀▄▄▄▄█▀▀█  ▄▀ █▀▀▀▄▀█   ▀█ ██ ▄█▄▀▀█▀▄▀ ▄ ▄▄██
2022-12-28 10:10 +01:00: ██▀█▀██▄▀▄▀    █▀▄ ▄▄▄▀▀▄▀ ██▀█▀██▄▄▄▄▀███▀▀▀█ ▄█ █   █
2022-12-28 10:10 +01:00: ██▀▀▄▀ ▄█  ▀ █▄ ▀█▀  █  ▄▀ ███▄▀▄▄ █▄▄▀▄▀█▄▀▄██  █ ██▀█
2022-12-28 10:10 +01:00: █▄▄▄█ ▄▄▄ ██  ▄▄▄▀▄ ▀█▀█▄ ▄▄▄    ▀▄█▄▄▀▄▀▀ ▀█ ▄▄▄  ▀█▀█
2022-12-28 10:10 +01:00: █ ▄█▄ █▄█ █  █▀▄▄  ▄  ▄█  █▄█ ▄ ██ ▄▀▀▀▀  ██▄ █▄█ ▀█ ██
2022-12-28 10:10 +01:00: █▄▄▀▀  ▄ ▄█  █▀▀█▄▄▄▄▄█▀▄▄ ▄  ▀▀ ▀█▄▄ ▄█▀▀▀ ▄  ▄▄ ▄  ▀█
2022-12-28 10:10 +01:00: ██ ██ ▄▄▀  ▄▀█▀█ █▀ █   █ ████▀ ▀  █  ▄▄▀█▄█▀▄▀██ ▄█▀▀█
2022-12-28 10:10 +01:00: █ ▀▄█▄ ▄  ▀█  ▀█▀█▀▄█▄▀▀ ▀ ▀█▄▀▀▄███ ▄▄▄▀▀ ▀▀▄█▀█▀▄▄▀▄█
2022-12-28 10:10 +01:00: █▄▀ ▄▀ ▄▄ ▀██▄▀▀▀█▄▄ █  █▀ ▀██ ▄█▄█▀▄█▄▄ ▀█▀▀▀▀█ ▄ ▄▀▀█
2022-12-28 10:10 +01:00: ██▄▄█▀▀▄▄█▀ █▄▄███   █▄▀▀▄▀▀ ▀▀ ▄██▄▄▄▀███▀ █ █  ▀ █ ██
2022-12-28 10:10 +01:00: █████▄ ▄▀ ▀██ ▄ ▀▄ ▀▄█▄ █▄▄▀▄▄▄▀▄▄▀██▄ █▄▀█▄█▀▀▀ ▄ ▄▀▀█
2022-12-28 10:10 +01:00: █▀██▀▄█▄▀█▄▀██▄▄▄▀█ ▀▄██▄█▄███ ▀ █▄▄▀ ██▀▀█ █ █▄▄▀▀█▄ █
2022-12-28 10:10 +01:00: █▄ ▀▄▄▄▄▀▄▄█▀▀█ ▄ ▀  █ ▄█▄ ▀▄██ ▄ ▄▄ ▄▄ █▀ ▀▀▄▄▀█▄▀▄▄██
2022-12-28 10:10 +01:00: ████▄██▄▄ ██ ██▄██▀▄▀█▀▀█ ▄▄▄ ▀ ▀█▀█  ▀▄▀▀▀▀▀ ▄▄▄ ██▄▄█
2022-12-28 10:10 +01:00: █ ▄▄▄▄▄ █▄▄▄▀ ▀██▄▄█▄  █▀ █▄█ █▀▄▄▀ ▄█▄▄█▀█▀█ █▄█  ▄▀▀█
2022-12-28 10:10 +01:00: █ █   █ █ ██▀▀█▄▀█▄▀ ▄▀▀▀  ▄▄▄▀▀ █▄▄  ▀██▀█ ▄▄  ▄▄█▄▄██
2022-12-28 10:10 +01:00: █ █▄▄▄█ █ █▄▀█▄▀▀█▄ ▀█▀▄▄▄▀▄▄ ▄▄▀ ▀▄█▄▀▄▄ ▀█ ▀▀█▄▄▄█▀▄█
2022-12-28 10:10 +01:00: █▄▄▄▄▄▄▄█▄▄▄▄▄▄▄█▄▄▄█▄██▄▄██▄██▄██▄█▄▄▄▄▄█▄████▄▄▄▄▄███
2022-12-28 10:10 +01:00: 
2022-12-28 10:10 +01:00: ▄▄▄▄▄▄▄▄▄▄▄▄▄▄▄▄▄▄▄▄▄▄▄▄▄▄▄▄▄▄▄▄▄▄▄▄▄▄▄▄▄▄▄▄▄▄▄▄▄▄▄▄▄▄▄
2022-12-28 10:10 +01:00: █ ▄▄▄▄▄ █▀▄▄ ▀▄█▄█▄▀█▀ ▄ ▄ ▀▀▄▄ █▀▄▀ █▄███▀ ▀██ ▄▄▄▄▄ █
2022-12-28 10:10 +01:00: █ █   █ █▀▄█ █▄█ █▀  █ █▀▄▄▀█ ▀  ▄█▀   █▄▄█▀▄▀█ █   █ █
2022-12-28 10:10 +01:00: █ █▄▄▄█ █▀▀▄█▀  ▀█▄▄ ▀▀ ▄ ▄▄▄   █▀█▀▀▀▄▀▄▄  ███ █▄▄▄█ █
2022-12-28 10:10 +01:00: █▄▄▄▄▄▄▄█▄█ █▄█ █ ▀ █▄▀ █ █▄█ ▀▄▀ ▀▄█▄▀▄█▄▀▄█ █▄▄▄▄▄▄▄█
2022-12-28 10:10 +01:00: █▄ ▄ ▄█▄  █▀  ▄▄▄▀   ▄▄▀▀▄▄▄▄▄  ▀▀▄█▄▄ ▄██  ▀█▄█▄▀▄█ ██
2022-12-28 10:10 +01:00: █ ▀▄ ▀▀▄█ █ ▄ ▄▀▄ ▀▄▄█ ▀   ▄▀█▀ ████▀█▀▄▄ ▄▄█▀▀▄██▀█▀▀█
2022-12-28 10:10 +01:00: █▄▀██▀ ▄  ▄▀▀▄▄█▄▄ ▄ ▄█▀▀   ▀█▀▀ ██▄▀ ▄▄ ▀   ▄██  ▀ █▄█
2022-12-28 10:10 +01:00: █ ▄▀█▀ ▄▄ ██ █▀███▄▄ ▄ ▄█▀▄▄▀██▄▀ ▄█▀█ ▄▀███ █  █ ▀█▀▀█
2022-12-28 10:10 +01:00: ██▄▀▄▄▄▄▄▄▀█ █▀█▀█▄  ███ ▄▄ ▀▀█▀█▀▄▄▄▄███▀▀  ███  ▀█▀▄█
2022-12-28 10:10 +01:00: ██▄▀▄▄▀▄█▄▀ ▀ █▀▀█   █ █▄▀▀█▀█ ▀ ▄▄▀▄▄ ▄██▀▀ █▄▀▀█ ▄▀██
2022-12-28 10:10 +01:00: █▄▀▄▀█▀▄ ▀  ▄▀ █▀▄ ▄▄▄▀▀▄ ▄█   ▀ █▄▄▄▄▀███▀▀▀█ ▄█ █  ▀█
2022-12-28 10:10 +01:00: ██▄▀▄▄ ▄▀ ▄▀ ▄▄ ▀█   █ ▀▄▀▀▄▀▀█ ▄▀ ▀▄▄█▄▀█ ▀▄██  ▀█▄█▀█
2022-12-28 10:10 +01:00: ██▄█▄ ▄▄▄  ▀ ▀▄▄▄▀▄▄ ▄▀▀▄ ▄▄▄ ▀▀ ▀▄▄   ▄██  █ ▄▄▄   ███
2022-12-28 10:10 +01:00: █▄▀▄▄ █▄█ ▄▄▄▄▀▄▄  ▄▄▄▄█  █▄█ ▀▀▄ ▀█▀▀▀  ▀▄█▄ █▄█ ▀█▀██
2022-12-28 10:10 +01:00: █▀  ▄▄ ▄▄▄▀▀█ ▀▀█▄▄▄▄▄█▀▀▄▄  ▄▀  ▀█▄▄ ▄█▀▀▀ █▄▄    ▄ ▀█
2022-12-28 10:10 +01:00: ██▄▄▄█▄▄ ▄▄▀█▄▀█ █▀▄█  ▄▀█▀▀██▀ ██ █ ▄▄ █▀▄▀ ▄▀█▀▀█▄▀▀█
2022-12-28 10:10 +01:00: █▄▀█▀▀▀▄ ▄▀ ██▀█▀█▀▄▀███▀▀ ███▀▀▄▀▄█▀  █▄▀  ▀▄█▀█▀▄▄▀▄█
2022-12-28 10:10 +01:00: █▀█▀█ █▄▀▄  █▀▀▀▀█▄▄    ▀██ ▀▄▀▄ ▀█ ████ ▀█▀▀ ▀█ ▄ ▄▀▀█
2022-12-28 10:10 +01:00: █ ▀▄ ██▄▀▄▀  █▄███   █▄▀▀▀▀▀▄ ▀▀███▄▄▄▀███▀ ▀ █    █ ██
2022-12-28 10:10 +01:00: ██ ▄▄ █▄▀▄ █▀▀▄ ▀▄ ▀▄█▄██▀█ ▄█▀▀▄ ██▀ ▄█ █▀▄█▀█▀█▀▀█▀▀█
2022-12-28 10:10 +01:00: █▄▄▄▀ ▀▄▄██▄ ▄▄▄▄▀█ ▀▄██▀█ ▀▄ ▀  ▀█▄   ██▀  █ █▄▄▀▀▄▄ █
2022-12-28 10:10 +01:00: █▄ ▀▄▄▄▄██▄▄█ ▀▄▄ ▀ ▄▄ ▄▀▀▄█▄▄ █▄▀█▄▀▄█▀█▀▀▀█ ▄▀█▄▀▄▄██
2022-12-28 10:10 +01:00: ████▄██▄█ ██ ▄█▀██▀▄▀█▀▀█ ▄▄▄  ▀▀█▀█  ▀▄▀▀▀▀▀ ▄▄▄ ██▄▄█
2022-12-28 10:10 +01:00: █ ▄▄▄▄▄ █▄▄ ▄██▀█▄▄█▄  █  █▄█ ▄█ ▄▀  ▀  █▀▀█  █▄█ ▀▄▀▀█
2022-12-28 10:10 +01:00: █ █   █ █ ▀▄█ █▀▀█▄▀▀▄███ ▄▄▄ ▀▀ ▀▄▄▄▄▀█▀▀▀ █▄  ▄▄█▄▄██
2022-12-28 10:10 +01:00: █ █▄▄▄█ █  ▄▄▄ ▄▀█▄  █▀▄▀▀▄ ▀ ▀▀ ▀ █▄▄▀▄█ ▀▄ ▀▄█▄▄▄█▀▄█
2022-12-28 10:10 +01:00: █▄▄▄▄▄▄▄█▄▄▄▄█▄▄█▄▄▄█▄██▄▄█▄██▄███▄█▄▄▄▄▄█▄████▄█▄▄▄███
2022-12-28 10:10 +01:00: 
2022-12-28 10:11 +01:00: ▄▄▄▄▄▄▄▄▄▄▄▄▄▄▄▄▄▄▄▄▄▄▄▄▄▄▄▄▄▄▄▄▄▄▄▄▄▄▄▄▄▄▄▄▄▄▄▄▄▄▄▄▄▄▄
2022-12-28 10:11 +01:00: █ ▄▄▄▄▄ █▀ ▄ ▀▄█▄█▄▀█▀ ▄ ▄ ▀▄▄▀▄ ▄██   ▀██▀ ▀██ ▄▄▄▄▄ █
2022-12-28 10:11 +01:00: █ █   █ █▀▄▀ ▀▄█ █▀  █ █▀▄▄▀██▀  ▄█▀   █▄▄█▀▄▀█ █   █ █
2022-12-28 10:11 +01:00: █ █▄▄▄█ █▀ ▄▄█  ▀█▄▄ ▀▀ ▄ ▄▄▄   █▀█▀▀▀▄▀▄▄  ███ █▄▄▄█ █
2022-12-28 10:11 +01:00: █▄▄▄▄▄▄▄█▄█ █▄█ █ ▀ █▄▀ █ █▄█ █▄▀ █▄▀ █ ▀ ▀ █ █▄▄▄▄▄▄▄█
2022-12-28 10:11 +01:00: █▄ ▄ ▄▀▄▄ █▀  ▄▄▄▀   ▄▄▀▀▄ ▄▄▄   ▀██  ███▀▀▀▀▄▄█▄▀▄█ ██
2022-12-28 10:11 +01:00: █ █▄ ▀ ▄▄▀▀▄▄ ▄▀▄ ▀▄▄█ ▀   ▄▀█ ▀▄█▄▄ ▄ ▄▄▀▄█ █▀▄█▄▀█▀██
2022-12-28 10:11 +01:00: █▀▄▄▀▀ ▄  ▀▄ █▄█▄▄ ▄ ▄█▀▀ ▀▀█▀▀▀ ██▄▀ ▄▄ ▀   ▄██  █▄███
2022-12-28 10:11 +01:00: █ ▄▄▄█ ▄▄▄██▀█▀███▄▄ ▄ ▄█▀▄▄███ █  █▀█▄ ████ █ ▄▀▄▄█▀▀█
2022-12-28 10:11 +01:00: ██▄▀▄█ ▄▀▄▀█ █▀█▀█▄  ███ ▄▄  ▀   ███ ▄▀█▀█▄  █▄▄▀ ▀▄█ █
2022-12-28 10:11 +01:00: █ ▄▀▄▄ ▄█▄  ▀ █▀▀█   █ █▄▀▀█▀█▀▀ ▄▄▀██▀▄█▄▀▀ ▀▄ ▀▄ ▄▄▀█
2022-12-28 10:11 +01:00: █ █▄██▀▄ ▀▀▄▄▀ █▀▄ ▄▄▄▀▀▄ ▄█▄  ▀ █▄▄▄▄▀███▀▀▀█ ▄█ █ ▀▀█
2022-12-28 10:11 +01:00: ██▄▄▄  ▄▀ ▄▀▀ ▄ ▀█   █ ▀▄▀▀▄▀▀▀ ▄▀▄▀▄▄▀▄▀█ █▄██▄ ▀ ▄█▀█
2022-12-28 10:11 +01:00: ██▄█▄ ▄▄▄  ▀ ▀▄▄▄▀▄▄ ▄▀▀▄ ▄▄▄    █▄▄ ▄▀▄▀▀ ▀█ ▄▄▄ ▀▀█▀█
2022-12-28 10:11 +01:00: █▄▄▄▄ █▄█ ▄█▄▄▀▄▄  ▄▄▄▄█  █▄█ ▀▀▄▀▀▄▀   ▀▀▄▄▄ █▄█ ▀█▀██
2022-12-28 10:11 +01:00: █▄██▄  ▄   ▄▄▄▀▀█▄▄▄▄▄█▀▀▄▄  ▄▀  ▀█▄▄ ▄█▀▀▀  ▄▄    ▄ ▀█
2022-12-28 10:11 +01:00: ██▄ ▀ █▄██▄▀  ▀█ █▀▄█  ▄▀█ ▀███ ▀▀ █ ▄▄▄██ ▀▀▄▀▀ ▄▀█▀▀█
2022-12-28 10:11 +01:00: █▄▀█▀▀▀▄ ▄▀ ██▀█▀█▀▄▀███▀▀ ███  ▄▀▄█▄  ▄█▀▀ ▀▄█▀█▀▄█▀▄█
2022-12-28 10:11 +01:00: █▄ ▀█ █▄▀▄  █▀▀▀▀█▄▄    █▀█ ▄▄ █ ▀█ ███▄  █▀█▀▀█ ▄ ▄▀▀█
2022-12-28 10:11 +01:00: █▀▀██▀▄▄▀▀█▀▄█▄███   █▄▀▀▀▀▀█ ▀▀███▄▄▄▀███▀ ▀▀  ▀▀▄█ ██
2022-12-28 10:11 +01:00: ██   ▀█▄ ▄ █▀█▄ ▀▄ ▀▄█▄██▀▀█▄█▀▀▄▄▀▀▀▄ ▀ ▀▀▄█▀█▀ ▄▀█▀▀█
2022-12-28 10:11 +01:00: █▄▄▄▀ ▀▄▄██▄ ▄▄▄▄▀█ ▀▄███▄▄█▄ ▄  █▄█ ▄▀▄▄█▀▀█ █▄▄▀▀█▄ █
2022-12-28 10:11 +01:00: █▄ ▀▄▄▄▄██ ▀█ ▄▀▄ ▀ ▄▄ ▄██▄█▄▄ ██▀██▀██▀▄ ▀ ▀▀▄▀█▄▀▄▄██
2022-12-28 10:11 +01:00: ████▄██▄█▀██ ▀▀▀██▀▄▀█▀▀█ ▄▄▄  ▀▀█▀█  ▀▄▀▀▀▀▀ ▄▄▄ ▀█▄▄█
2022-12-28 10:11 +01:00: █ ▄▄▄▄▄ █▄▄ █▄█▀█▄▄█▄  █  █▄█ ▄█▄ ▀▄▄█ ▄█▀██▀ █▄█  ▄▀▀█
2022-12-28 10:11 +01:00: █ █   █ █ ▀▄█ █▀▀█▄▀▀▄███ ▄▄▄   ▄██▄ ▄▀▄█▀▀▀█▄  ▄ █▄▄██
2022-12-28 10:11 +01:00: █ █▄▄▄█ █ ▄█▄▄ ▄▀█▄  █▀▄▀█▄  ▀ ▀   █▄▄ ▄▄▀▀█ ▀▄▄  ▄█▀▄█
2022-12-28 10:11 +01:00: █▄▄▄▄▄▄▄█▄█▄███▄█▄▄▄█▄██▄▄█▄██▄███▄█▄▄▄▄▄█▄███▄▄█▄▄▄███
2022-12-28 10:11 +01:00: 
2022-12-28 10:12 +01:00: ▄▄▄▄▄▄▄▄▄▄▄▄▄▄▄▄▄▄▄▄▄▄▄▄▄▄▄▄▄▄▄▄▄▄▄▄▄▄▄▄▄▄▄▄▄▄▄▄▄▄▄▄▄▄▄
2022-12-28 10:12 +01:00: █ ▄▄▄▄▄ █▀▀█▄█▄▄█  ██ ▀▀▄   █ ▄▄██▄ ▀▀█  ▀█ ▀██ ▄▄▄▄▄ █
2022-12-28 10:12 +01:00: █ █   █ █▄ ▄▀▀ █▀▄▄▄▄█▀▄▄  ▀▄█▄▄▄▄▄ █▄▄███ ▀▄▀█ █   █ █
2022-12-28 10:12 +01:00: █ █▄▄▄█ █ ▀▄▄███ █▄ █▄  ▄ ▄▄▄  ▄ ▄▄▀▀█▀▄█▄  ███ █▄▄▄█ █
2022-12-28 10:12 +01:00: █▄▄▄▄▄▄▄█ █▄█ █ █▄█▄█▄▀▄▀ █▄█ ▀ ▀▄█ █ █ █ █▄█ █▄▄▄▄▄▄▄█
2022-12-28 10:12 +01:00: █ ▄█ ▀▀▄▄▀▄ █▄ ▄█ █▄▄▄█ ▄   ▄▄▀▄ ▀▄█▀▄ ▄  ██▄▄█▄▄▄▀▄▄▀█
2022-12-28 10:12 +01:00: █ █▀▀  ▄ █ ▀▄▄▀▄█ ▀ ▀ ▀▀ ▄█▀ █ █  ▄▄▀▀█▀█▀█▀ ▄▀▄▄ ▄  ██
2022-12-28 10:12 +01:00: █▀█▀ ▄▄▄ ▀█▀ ▄▄▄█▀▄  █▄▄█▄▀  ▄██ ▄▄▀█▄▄█▀▄▄▄ █▄ ▄▄██▄ █
2022-12-28 10:12 +01:00: █▄ █▀▄█▄▄▄▄▄▀███▄▄▀ ▄▄▀█ █ ▄  ▄▄█▄▀ ▄█▄▄▄ ▄█▄███▄  ▄  █
2022-12-28 10:12 +01:00: █▀▀▄█▀▀▄ ▀ █ ▀▄  █▄▄█ ▄█  ▀▀▀▀ ▄▀▄▀▄▄ ▀▀▀█▀▄▀▀▄█▀▄█▀▄ █
2022-12-28 10:12 +01:00: █ ▄ █▀█▄█▄▄▀█▄█   ▄▄ ▄▀  █ ▄  ██▀█▄█  ▀█▄ ██▀ █▄█▀ █▀ █
2022-12-28 10:12 +01:00: █▀█▀█▄▄▄▄▀█▀ ▄▄█ ██  ▄  ▀▄ █▀▀██▄███▀ ██▄▄▄███▀█ ▄▀▄ ▀█
2022-12-28 10:12 +01:00: █▀▀▄▀ ▄▄ ██▀▀█▀█ █ ▄█ ▀▀▄█▄▀▄█▀ ▀ ██   █▄▀▄█▀    ▀ ▀▄▀█
2022-12-28 10:12 +01:00: █▀▄▄█ ▄▄▄ ▀▄▄█▄██▄   █ ▄  ▄▄▄ ▀█  ▄▀▀  █▀▄███ ▄▄▄  ▀  █
2022-12-28 10:12 +01:00: ██▀▄█ █▄█ █▄▀ █▄█▀█  ▄█▄█ █▄█ ██▀▀ ▄▄█▄▀▀▀▀▀  █▄█ ██ ▄█
2022-12-28 10:12 +01:00: ██▄█ ▄ ▄▄▄█  ▄▄▄▄▄▄ ▀▀▄▀▀  ▄  ▀▄█▄▄▄▄▄▀  ▀▀▄█▄ ▄▄▄█▀▀▀█
2022-12-28 10:12 +01:00: █▀▄▄▀▄█▄ ██▄  ▀▄▀ █ █▀▀▀█▀█ ▄ ▀ ▀▄▀▄   █▄▄ █ █▀▄   █ ▄█
2022-12-28 10:12 +01:00: █ ██  ▄▄▄▄ ▀ ▀██ ▄▄ ██▄▄▄█▄█▄▄▄▄ ▀█▄█ ██▄ █▄█▄▄  █ ▄ ██
2022-12-28 10:12 +01:00: █▀▄▄▄ █▄▄▀ ▀██▄▄ █▄ ██▀ ▀▀ █ ▄  █▄█ █▀ ▀ ▀▄▄▄▄ █  █▀ ▀█
2022-12-28 10:12 +01:00: █ █████▄█▀  ▄▀▄▄▄ ▄▄ ▄█▄██▀  ▄███▄▄▀  ▀▄▄ █▄█ ██ █▄ ▀ █
2022-12-28 10:12 +01:00: █▀▄▀▀▀▄▄▀▄▀▄▄▄   ███ ██▄ █▀▀█▄ █▄  ▄   ▀█▄▄▄ ▀  ▀█▄█  █
2022-12-28 10:12 +01:00: █ ▀▀  ▀▄▀ ▄▄  ▀▀█▀█▄▄▀▄█▀▀█▄█ ▀█ ▄█▄  ▄ ▄█▄█ █▄▄▄█▄▀█ █
2022-12-28 10:12 +01:00: █▄ ▀▄▄▄▄█▄▄▀▀▄▀▀███▄▄█▀▀▀▀▄▄▄▀█ █▀▄▀▄ ▄ ▄█▄██ █▄▀ ▀██ █
2022-12-28 10:12 +01:00: ████▄██▄▄▀ ▀▀▄█ ▄▄▄ ██    ▄▄▄ ████ ▄█▄█▄  ▄██ ▄▄▄ ▀▀███
2022-12-28 10:12 +01:00: █ ▄▄▄▄▄ █▄█  ▄ ▄▄▄▄▀▀█▀█  █▄█  ███▄▄ ▀▀▀ ▀▀█▀ █▄█ ▀  ▀█
2022-12-28 10:12 +01:00: █ █   █ █▀ ▀▀▄█    █▀█▄ ▀▄▄▄▄▄ ▄▄ ▀▀▄▄▀█▄  █▄▄▄ ▄ ▄██ █
2022-12-28 10:12 +01:00: █ █▄▄▄█ █▀▄ ▀    ▄▀▄▄█ █ █▄▄▀▀▄█▄▀ █▀▀███▀█▀▄▀▄▄█  █ ██
2022-12-28 10:12 +01:00: █▄▄▄▄▄▄▄█▄█▄████▄▄▄▄▄█▄█▄▄██▄█▄█▄▄██▄▄████▄█▄▄██▄▄██▄██
2022-12-28 10:12 +01:00: 
2022-12-28 10:12 +01:00: ▄▄▄▄▄▄▄▄▄▄▄▄▄▄▄▄▄▄▄▄▄▄▄▄▄▄▄▄▄▄▄▄▄▄▄▄▄▄▄▄▄▄▄▄▄▄▄▄▄▄▄▄▄▄▄
2022-12-28 10:12 +01:00: █ ▄▄▄▄▄ █▀   ▀▄█▄█▄▀█▀ ▄ ▄ ▀██  ▀█▀█▄ ▄▀█ ▀ ▀██ ▄▄▄▄▄ █
2022-12-28 10:12 +01:00: █ █   █ █▀ ▀ ▀▄█ █▀  █ █▀▄▄▀▀▀▀  ▄█▀   █▄▄█▀▄▀█ █   █ █
2022-12-28 10:12 +01:00: █ █▄▄▄█ █▀▀▄▄▄  ▀█▄▄ ▀▀ ▄ ▄▄▄   █▀█▀▀▀▄▀▄▄  ███ █▄▄▄█ █
2022-12-28 10:12 +01:00: █▄▄▄▄▄▄▄█▄█ ▀ █ █ ▀ █▄▀ █ █▄█ █ ▀ █▄▀ █▄▀▄█▄█ █▄▄▄▄▄▄▄█
2022-12-28 10:12 +01:00: █▄ ▄ ▄█▄▄ █▀  ▄▄▄▀   ▄▄▀▀▄▄▄▄▄▄ ▄█▄█▄▄▀▄██▀ ▄▄▄█ ▀▄█▄▀█
2022-12-28 10:12 +01:00: █▄ ▄   ▄█▀▄ ▄ ▄▀▄ ▀▄▄█ ▀   ▄▀█ ▀█▄▄▄▀▄ ▄█ █▄█▀▀███▀█▄██
2022-12-28 10:12 +01:00: █▀▀  ▀ ▄    █ ▄█▄▄ ▄ ▄█▀▀   █▀▀▀ ██▄▀ ▄▄ ▀   ▄██  █▄▄██
2022-12-28 10:12 +01:00: █ ▄ ▄█ ▄▄▄██  ▀███▄▄ ▄ ▄█▀▄▄███▄▀▄▄█▀█▄▄▀███ █ ▄▀ █▄▀▀█
2022-12-28 10:12 +01:00: ██▄▀▄▀▀▄▀▄▀█ █▀█▀█▄  ███ ▄▄▄  ▀ ▄███▀▄▀▄█▀   ██▄   ▄▀▄█
2022-12-28 10:12 +01:00: █▀█▀▄▄ ▄█▄ ▄▀ █▀▀█   █ █▄▀ ▄▀█▀  █▄ ██▀▄██  ▄█▄▀▀▄ ▄█▀█
2022-12-28 10:12 +01:00: █ █ ▀█▀▄ ▀█▄█▄ █▀▄ ▄▄▄▀▀▄ ██▄▄ ▀ █▄▄▄▄▀███▀▀▀█ ▄█ █   █
2022-12-28 10:12 +01:00: ██▄ █  ▄█▄▄▀  ▄ ▀█   █ ▀▄▀▀▄███  █▄▀▄▄█ █▀ ▀▄█▀▄ █▀██▀█
2022-12-28 10:12 +01:00: ██▄█▄ ▄▄▄  ▀ ▀▄▄▄▀▄▄ ▄▀▀▄ ▄▄▄ ▄▀▄█▄█   ▄█▀█ ▄ ▄▄▄ ▀ ▀██
2022-12-28 10:12 +01:00: ██▀▄▄ █▄█  █▄▄▀▄▄  ▄▄▄▄█  █▄█  ▀█▀ █▀▀ ▀ ▀██▄ █▄█ ▀█▀██
2022-12-28 10:12 +01:00: █   ▀▄▄▄▄ ▀ ▀▄▀▀█▄▄▄▄▄█▀▀▄▄  ▄▀  ▀█▄▄ ▄█▀▀▀ ▄▄▄▄▄  ▄ ▀█
2022-12-28 10:12 +01:00: ██▄▄▀▀▄▄ ▄▄▀█▄▀█ █▀▄█  ▄▀█▄▀███▄▀▀▄█▄▄▄ █▀ █▀▄ ▀▄▄ █▀▀█
2022-12-28 10:12 +01:00: █▄▀█▀▀▀▄ ▄▀ ██▀█▀█▀▄▀███▀▀ ███▀ █▀▄█   █ █ ▀▀▄█▀█▀▄▄▀▄█
2022-12-28 10:12 +01:00: █▀█▀█ █▄▀▄▀▀█▀▀▀▀█▄▄    █▀█ █▄▀█▀ ▄▀█▄█▄ ▀▄ ▀ ▀█ ▄ ▄▀▀█
2022-12-28 10:12 +01:00: █ █ █▀▀▄▀▄  ▄▄▄███   █▄▀▀▀▀▀██▀▀███▄▄▄▀███▀ █ ▄ ▄▀▄▀ ██
2022-12-28 10:12 +01:00: ██ ▀█▀ ▄▀▄ █  ▄ ▀▄ ▀▄█▄██▀ █▄███  █▀█ ▄█▄██ █▀█▀▀ ▀▄▀▀█
2022-12-28 10:12 +01:00: █▄▄▄▀ ▀▄▄██▄ ▄▄▄▄▀█ ▀▄███▄ ▀▄ ▀▀ ███▄  ▄▀█  █ █▄▄▀▀▄▄ █
2022-12-28 10:12 +01:00: █▄ ▀▄▄▄▄██▄██  ▄▄ ▀ ▄▄ ▄▀ ▄█▄▄▀▄▄▀▄█ ▄█ ▄  ▀█▀▄▀█▄▀▄▄██
2022-12-28 10:12 +01:00: ████▄██▄█ ▀██▀▄▄██▀▄▀█▀▀▄ ▄▄▄  ▀▀█▀█  ▀▄▀▀▀▀▀ ▄▄▄ ██▄▄█
2022-12-28 10:12 +01:00: █ ▄▄▄▄▄ █▄▄ ███▀█▄▄█▄  █  █▄█  █  █▄▄▀▄▄███▀█ █▄█ █▄▀▀█
2022-12-28 10:12 +01:00: █ █   █ █ ▀▄█ █▀▀█▄▀▀▄███ ▄▄▄▄▀▀▀▀██▄▄▀▄██▀▀▄▄ ▄ ▄▄▄▄██
2022-12-28 10:12 +01:00: █ █▄▄▄█ █   ▄▄█▄▀█▄  █▀▄██▄▄▀▀▀▀ ▀▀███▀██▀▀█ ▀ ▄ ▄▄█▀▄█
2022-12-28 10:12 +01:00: █▄▄▄▄▄▄▄█▄▄████▄█▄▄▄█▄██▄▄▄▄██▄███▄█▄▄▄▄▄█▄████▄▄▄▄▄███
2022-12-28 10:12 +01:00: 
2022-12-28 10:12 +01:00: ▄▄▄▄▄▄▄▄▄▄▄▄▄▄▄▄▄▄▄▄▄▄▄▄▄▄▄▄▄▄▄▄▄▄▄▄▄▄▄▄▄▄▄▄▄▄▄▄▄▄▄▄▄▄▄
2022-12-28 10:12 +01:00: █ ▄▄▄▄▄ █▀▄  ▀▄█▄█▄▀█▀ ▄ ▄ ▀██▀▄█▀█▀▀█▄█ ▀▀ ▀██ ▄▄▄▄▄ █
2022-12-28 10:12 +01:00: █ █   █ █▀█▄ █▄█ █▀  █ █▀▄▄▀█ ▀  ▄█▀   █▄▄█▀▄▀█ █   █ █
2022-12-28 10:12 +01:00: █ █▄▄▄█ █▀ ▄    ▀█▄▄ ▀▀ ▄ ▄▄▄   █▀█▀▀▀▄▀▄▄  ███ █▄▄▄█ █
2022-12-28 10:12 +01:00: █▄▄▄▄▄▄▄█▄█ ▀ █ █ ▀ █▄▀ █ █▄█ █ █ ▀▄█ █ █ ▀ █ █▄▄▄▄▄▄▄█
2022-12-28 10:12 +01:00: █▄ ▄  ▀▄▄ █▀  ▄▄▄▀   ▄▄▀▀▄▄ ▄▄▀▀ ███▄▄██▀█▀  ▄▄█▄▀▄█ ▀█
2022-12-28 10:12 +01:00: █ ▀▄ ▀ ▄▄▀ ▄▄ ▄▀▄ ▀▄▄█ ▀  ▀█▀█ ▀▄▄█▄▀▄ ▄▄▀▄▄▄▄ ██▄▀████
2022-12-28 10:12 +01:00: ███▀ ▀ ▄  █▀█▄▄█▄▄ ▄ ▄█▀▀   ▀▀▀▀ ██▄▀ ▄▄ ▀   ▄██  ▀ █▄█
2022-12-28 10:12 +01:00: █ ▄▄▄▀▄▄  ███ ▀███▄▄ ▄ ▄█▀▄▄ ██ █  ▀██ ▄█▀▀▀ █▄▄▀▄ █▀▀█
2022-12-28 10:12 +01:00: ██▄▀▄▄█▄█▄▀█ █▀█▀█▄  ███ ▄ ▄▀  ▀▄▀▄█▄▄ █▄▀▀▀ ▄▄█▄ ▀▄▀ █
2022-12-28 10:12 +01:00: █▄▄▀▄█▀▄██▀▄▀ █▀▀█   █ █▄▀▀▄▀█ ▀▀▄█▀██▀▄▄█    █ ▀█ ▄█▀█
2022-12-28 10:12 +01:00: █   ▀█▀▄ ▀▄▄▄▀ █▀▄ ▄▄▄▀▀▄ ██   ▀ █▄▄▄▄▀███▀▀▀█ ▄█ █ ▀▀█
2022-12-28 10:12 +01:00: ██▄█▄▄▄▄▀ ▄▀█▄▄ ▀█   █ ▀▄▀▀▄█▀█▄ ▀ █▄▄█ █▀▄█▄█▀  █ ▄█▀█
2022-12-28 10:12 +01:00: ██▄█▄ ▄▄▄  ▀ ▀▄▄▄▀▄▄ ▄▀▀▄ ▄▄▄ ▀▀ ▀▄█ ▄▀▄▀█▀ ▀ ▄▄▄ ▀▀███
2022-12-28 10:12 +01:00: █ █▄▄ █▄█ ▄ ▄▄▀▄▄  ▄▄▄▄█  █▄█ ▀▀▄ ▀█    ▀▀███ █▄█ ▀█▀██
2022-12-28 10:12 +01:00: █▀ ▀▄▄ ▄▄ ▄   ▀▀█▄▄▄▄▄█▀▀▄▄ ▄▄▀  ▀█▄▄ ▄█▀▀▀     ▄ ▄  ▀█
2022-12-28 10:12 +01:00: ██▄█ ▀█▄ ▄▄▀█▀▀█ █▀▄█  ▄▀██▀███ █▀▄█ ▄▄ ▀█▄▀ ▄▀▀█▀ █▀▀█
2022-12-28 10:12 +01:00: █▄▀█▀▀▀▄ ▄▀ ██▀█▀█▀▄▀███▀▀ ▀██  ███▄▀▄ █▀▀  ▀▄█▀█▀█▄▀▄█
2022-12-28 10:12 +01:00: █▄█▀█ █▄▀▄█▄█▀▀▀▀█▄▄    █▀█ █▄ ▄  ▄▀█▄█▄  █ █▀▀█ ▄ ▄▀▀█
2022-12-28 10:12 +01:00: ███▀▄█▄▄██▀ ▀ ▄███   █▄▀▀▀▀▀  ▀▀███▄▄▄▀███▀ ▀▀▀▀▀  █ ██
2022-12-28 10:12 +01:00: ██ ▀ ▀ ▄▀  █ ▀▄ ▀▄ ▀▄█▄██▀▀█▄███▄ ▀▀▀  ▀ ▀█ ▄▀▀▀▀▀▀█▀▀█
2022-12-28 10:12 +01:00: █▄▄▄▀ ▀▄▄██▄ ▄▄▄▄▀█ ▀▄████▄█▄ ▀▀ ▀▄▄ ▄ ██▀▄ █ █▄▄▀▀█▄ █
2022-12-28 10:12 +01:00: █▄ ▀▄▄▄▄██ ▄█ ▄▀▄ ▀ ▄▄ ▄█▄▄██▄▀█▄▀██▀▄▄ █▀ ▀█▀▄▀█▄▀▄▄██
2022-12-28 10:12 +01:00: ████▄██▄▄▀  ▄  ▀██▀▄▀█▀▀█ ▄▄▄  ▀▀█▀█  ▀▄▀▀▀▀▀ ▄▄▄ ██▄▄█
2022-12-28 10:12 +01:00: █ ▄▄▄▄▄ █▄▄ ▀██▀█▄▄█▄  █  █▄█  █▄▄▀▄ █ ▄▀▀█▀▀ █▄█  ▄▀▀█
2022-12-28 10:12 +01:00: █ █   █ █ ▀▄█ █▀▀█▄▀▀▄███ ▄▄▄ ▀▀▄▀▄█▀▄ ███▄▀█▄▄▄ ▄██▄██
2022-12-28 10:12 +01:00: █ █▄▄▄█ █ ▀▀▄▄▄▄▀█▄  █▀▄██   ▀  ▀ ▀█▄█▀▄▄  █ ▀▄▄▄▄▄█▀▄█
2022-12-28 10:12 +01:00: █▄▄▄▄▄▄▄█▄█▄██▄▄█▄▄▄█▄██▄▄████▄███▄█▄▄▄▄▄█▄████▄▄█▄▄███
2022-12-28 10:12 +01:00: 
2022-12-28 10:13 +01:00: ▄▄▄▄▄▄▄▄▄▄▄▄▄▄▄▄▄▄▄▄▄▄▄▄▄▄▄▄▄▄▄▄▄▄▄▄▄▄▄▄▄▄▄▄▄▄▄▄▄▄▄▄▄▄▄
2022-12-28 10:13 +01:00: █ ▄▄▄▄▄ █▀▀█▄█▄▄█  ██ ▀▀▄   █▀█ █▀█▄██▄  ▄█ ▀██ ▄▄▄▄▄ █
2022-12-28 10:13 +01:00: █ █   █ █▄██▀▀ █▀▄▄▄▄█▀▄▄  ▀▀ ▄▄▄▄▄ █▄▄███ ▀▄▀█ █   █ █
2022-12-28 10:13 +01:00: █ █▄▄▄█ █ ▀█▀███ █▄ █▄  ▄ ▄▄▄  ▄ ▄▄▀▀█▀▄█▄  ███ █▄▄▄█ █
2022-12-28 10:13 +01:00: █▄▄▄▄▄▄▄█ █▄▀ █ █▄█▄█▄▀▄▀ █▄█ █▄▀ █ █▄█▄▀▄▀ █ █▄▄▄▄▄▄▄█
2022-12-28 10:13 +01:00: █ ▄█ ██▄ █▄ █▄ ▄█ █▄▄▄█ ▄  ▄▄▄█▄ ▀█▄█▄█▄▄ █▄ ▄█▄  ▀▄ ▀█
2022-12-28 10:13 +01:00: █ ▀▀▀▀ ▄▀▄█▄▄▄▀▄█ ▀ ▀ ▀▀ ▄▄▀ █▀▄  ▄█▀ █▀█▀█▀██▀▄█▀▄ ███
2022-12-28 10:13 +01:00: █ ▀▄▄▄▄▄ ▀█▄  ▄▄█▀▄  █▄▄█▄▀ ▄ ██ ▄▄▀█▄▄█▀▄▄▄ █▄ ▄▄█▀█ █
2022-12-28 10:13 +01:00: █▄ ▄ ▄█▄▄▄▄▄ ▄██▄▄▀ ▄▄▀█ █ ▄ ▄▄▄▀ ▀▄ █ ▄ ▄▄▀▄█▀█▄ ▄▄  █
2022-12-28 10:13 +01:00: █▀▀▄█▄█▄▀▄ █ ▀▄  █▄▄█ ▄█  ▀█▀▀ ██  █▄ █  ███▄ █▄▄ █   █
2022-12-28 10:13 +01:00: ██▄ █ █▄█▄▄▀█▄█   ▄▄ ▄▀  █ █  ▄█▀█▄█▀  ▄█▀▄█▄ █▄▄  █▄▄█
2022-12-28 10:13 +01:00: █  ▀▀▄▄▄▄▀█▄ █▄█ ██  ▄  ▀▄▀██▀██▄███▀ ██▄▄▄███▀█ ▄▀▄  █
2022-12-28 10:13 +01:00: █▀▀▀█▄▄▄ ██▀▀ ▀█ █ ▄█ ▀▀▄█▄▀ ▀▀▄█▄██   ▀ █▄█▀ ▄  █▄ ▄▀█
2022-12-28 10:13 +01:00: █▀▄▄█ ▄▄▄ ▀▄▄█▄██▄   █ ▄  ▄▄▄ ▄██ ▀ ▄▄▀█▄▄▄▄▄ ▄▄▄ ▀▀ ▄█
2022-12-28 10:13 +01:00: █▀ ▄█ █▄█ ▀▀▀ █▄█▀█  ▄█▄█ █▄█ ▄█  ▀█▄▄█▀   ▀  █▄█ ██ ▄█
2022-12-28 10:13 +01:00: █▀▄▄   ▄ ▄▀█▄█▄▄▄▄▄ ▀▀▄▀▀  ▄▄▄▀▄█▄▄▄▄▄▀  ▀▀▄█ ▄▄ ▄▀█▀▀█
2022-12-28 10:13 +01:00: █▀▄▄█▄▀▄▄██▄▀▀▀▄▀ █ █▀▀▀█▀▄ ▄ █▄█▄█▄▄  █▄ ▄▀▀█▄▄▀▄▀█ ▄█
2022-12-28 10:13 +01:00: █ ██  ▄▄▄▄ ▀ ▀██ ▄▄ ██▄▄▄█ ▀▄▄██ ▀ █▄▄█▄ ▄▄██▄▄  █ █ ██
2022-12-28 10:13 +01:00: █▀ ▄▄ █▄▄▀ ███▄▄ █▄ ██▀ ██ █▄█▀ █▄▄ ▄ ▀▀▀▀▄█ ▄ █  █▀ ▀█
2022-12-28 10:13 +01:00: ██▀▄▄█ ▄ ███▄▄▄▄▄ ▄▄ ▄█▄██▀ ▄▀███▄▄▀  ▀▄▄ █▄██▀█▄█▄▄▀ █
2022-12-28 10:13 +01:00: █▀▄█▄ ▄▄█▄▀▄▀▄   ███ ██▄ █ ▀█▄▄█▄▄ ▄   ██  ▄ ▀ ▄▄██▄  █
2022-12-28 10:13 +01:00: █ ▀▀  ▀▄▀ ▄▄  ▀▀█▀█▄▄▀▄██▀▀▄█ █▄█ ▄█ ▄█▀▀▀▄█ █▄▄▄█▄ █ █
2022-12-28 10:13 +01:00: █▄ ▀▄▄▄▄█▄ █▀▄█ ███▄▄█▀▀█▄▄▄█ ▄▀█ █ █▀▄▀█▄▄█▀██▄▀ ▀██ █
2022-12-28 10:13 +01:00: ████▄██▄▄  ▀██ ▄▄▄▄ ██    ▄▄▄ ████ ▄█▄█▄  ▄██ ▄▄▄ █▀███
2022-12-28 10:13 +01:00: █ ▄▄▄▄▄ █▄█  ▀ ▄▄▄▄▀▀█▀█  █▄█  ██▀  ▄█▀▀▄▀▀█  █▄█ █  ▀█
2022-12-28 10:13 +01:00: █ █   █ █▀ ▀▀▄█    █▀█▄ ▀▄▄▄▄ █▄▄▄█▀▄ ▀▄█ ███▄▄   ███ █
2022-12-28 10:13 +01:00: █ █▄▄▄█ █▀█▄▀  ▄ ▄▀▄▄█ █▄▀ ▄▀▀▄▄█ ▀█  ██▄ █ ▄▀▄██▄ █ ██
2022-12-28 10:13 +01:00: █▄▄▄▄▄▄▄█▄██▄▄▄█▄▄▄▄▄█▄█▄▄▄█▄█▄█▄▄██▄▄████▄█▄▄█▄▄███▄██
2022-12-28 10:13 +01:00: 
2022-12-28 10:13 +01:00: ▄▄▄▄▄▄▄▄▄▄▄▄▄▄▄▄▄▄▄▄▄▄▄▄▄▄▄▄▄▄▄▄▄▄▄▄▄▄▄▄▄▄▄▄▄▄▄▄▄▄▄▄▄▄▄
2022-12-28 10:13 +01:00: █ ▄▄▄▄▄ █▀  █ ▄█▄██▀ ▀ ▄  ▀██▄▀▄████ ▀▄█▄ ▀ ▀██ ▄▄▄▄▄ █
2022-12-28 10:13 +01:00: █ █   █ █▀█▄ ▀▄█ █▀ ▀▄ █ █▀▀▄▄▄▄▀▄█▀   █▄▄█▀▄▀█ █   █ █
2022-12-28 10:13 +01:00: █ █▄▄▄█ █▀ █ ▀  ▀█   ▀▀▄▄ ▄▄▄  ▄█▀█▀▀▀▄▀▄▄  ███ █▄▄▄█ █
2022-12-28 10:13 +01:00: █▄▄▄▄▄▄▄█▄▀ ▀▄█ █ ▀▄█▄█ █ █▄█ ▀ ▀ ▀▄█ █▄▀▄█▄█ █▄▄▄▄▄▄▄█
2022-12-28 10:13 +01:00: █ ▄▄ ▄▀▄▄▄█▀█ ▄▄▄▀▄ █▄▀▀▀▄ ▄▄   ▄▀█▄  █▄██ ▀█▄▄█▄▀▄█▄▀█
2022-12-28 10:13 +01:00: ███▀▄█▀▄██▀   ▄▀▄ ▀▄▄▀ ▀▀▀██▄▀█▀ ▀▄▄ ▄ ▄▄▀▄█▄▀▀███▀█ ██
2022-12-28 10:13 +01:00: █   █▀▄▄ ▀█▄▄▄▄█▄▄ ▄ ▄█▀█ ▄ █▀▄ ▄▀█▄▀ ▄▄ ▀   ▄██  ▀▄█▄█
2022-12-28 10:13 +01:00: ██▀█▀█▀▄█▀█▄▄█▀███▀▄ ▄ ▄█▀▀█▀█▀██▄▄██▀ ▄▀▀██ █ ▄▀▄ █▀▀█
2022-12-28 10:13 +01:00: ██▄█▀  ▄ ▀█▄▄█▀█▀█▄ ▀▄▀▀ ▄█▀██▀▀▄▀▄▄▄ ▀▄██  ▀█▄▄   █▀ █
2022-12-28 10:13 +01:00: █▀█▀█▀ ▄ ▀▀ ▄██▀▀█  ▄▄ █   ██▀▄█▄██ ▄▄ ▄▄█ ▀█▄▄ ▀█ ▄███
2022-12-28 10:13 +01:00: █ ▄▄ ▄ ▄▀ ██ ▄ █▀▄ ▄▄▄▀▀ ▀▀▀▀  ▀ ▀▄▄▄▄▀███▀▀▀█ ▄█ █▄  █
2022-12-28 10:13 +01:00: █▀ █▄ ▄▄▄█▄▄▀█▄ ▀█▀▄ █▄▀▄▀ ▄▀██▄▀▄▄█  █▄█▀ ▀▄█▀ ▄█ ▄█▀█
2022-12-28 10:13 +01:00: █▀▄▄█ ▄▄▄ ▀██ ▄▄▄▀▀▄▀█▀█▄ ▄▄▄   ▄▀▄█ ▄▄▄▀▀  █ ▄▄▄ ▀ ▀██
2022-12-28 10:13 +01:00: █ █ █ █▄█  █▀█▀▄▄  ▄▄▄▄█  █▄█ ▄▀█▀▀▄ ▀  ▀▀▄▄▄ █▄█ ▀█▀██
2022-12-28 10:13 +01:00: █▀  ▀▄▄▄  ▀██▀▀▀█▄▄▄▄▄█▀▄▄▄▄▄  ▀█▀█▄▄ ▄█▀▀▀  ▄▄▄  ▄  ▀█
2022-12-28 10:13 +01:00: █▄█▀▄ ▀▄▄███ ▀▀█ █▄ █ ▄▀█  ▄▄█ ▀▀  █▄▄▄▄▀█ ▀ ▄▀█▀ ▀█▀▀█
2022-12-28 10:13 +01:00: █▄▄ █▀█▄▄▀▀   ▀█▀█▀▄▀▄█▀ ▀▄█▀█▀ ██▄▄▀▄ ▄██ ▀▀▄█▀█▀▄▄▀▄█
2022-12-28 10:13 +01:00: █ ▀ ▄▄ ▄▀▄█ ▀▀▀▀▀█▄▄▀█  █▀▀█▄▄▄ ▀▄▄▀█▄█▄ ▀█ ▀█▀█ ▄ ▄▀▀█
2022-12-28 10:13 +01:00: █▄▄▀ ▀▀▄▄▄▀ █▄▄███   █▄▀▀▄▀▀█▄  ▄██▄▄▄▀███▀ ▀ ▄▀ ▀▄█ ██
2022-12-28 10:13 +01:00: █▄█▄▀▀▄▄ ▄▀█▄█▄ ▀▄ ▀▄█ ▀█▀▀ ▄█▀▀▄ ██▀▄▄▀▄▀▀ █▀▀▀▄█▀▄▀▀█
2022-12-28 10:13 +01:00: ██▀▀▄  ▄█▄ ▀▄▀▄▄▄▀█  ███▄█▄█▀    ▀██▀▄▄▄█▀▀ █ █▄▄▀ █▄ █
2022-12-28 10:13 +01:00: █▄ ▀▄▄▄▄ ██ ▄  ▄▄ ▀ ▄▀ ▄█▄▄▀█▄▄▄█▀█▄ ▄█ █▀▀ ▀▄▄▀█▄▀▄▄██
2022-12-28 10:13 +01:00: ████▄██▄▄▀ ▄▄█▀███▀▄▀█▀▀▀ ▄▄▄ ▀ ▀█▀█  ▀▄▀▀▀▀█ ▄▄▄ █▀▄▄█
2022-12-28 10:13 +01:00: █ ▄▄▄▄▄ █▄ ▀▄▄ ▀█▄▄█▄ ▄▀▄ █▄█ ▄▄  ▀  █  █▀██▄ █▄█ ▀█▀▀█
2022-12-28 10:13 +01:00: █ █   █ █   ▀▀█ ▀█▄▀▄▄███▄ ▄▄▄▀▀▄▀▄██  ▄█▀ ▀█▄▄▄▄ █▄▄██
2022-12-28 10:13 +01:00: █ █▄▄▄█ █ █▄█ ▄ ▀█▄  █▀▄▄ █▀ ▀█▄▀▀▀▄██▀██▀ █ ▀██▄▄▄█▀▄█
2022-12-28 10:13 +01:00: █▄▄▄▄▄▄▄█▄█▄█▄▄▄█▄▄▄█▄██▄▄▄█▄█████▄█▄▄▄▄▄█▄███▄▄██▄▄███
2022-12-28 10:13 +01:00: 
2022-12-28 10:14 +01:00: Client is ready!
2022-12-28 10:15 +01:00: Hello
2022-12-28 10:16 +01:00: Hello
2022-12-28 10:16 +01:00: Hello
2022-12-28 10:18 +01:00: 1
